-- The C compiler identification is GNU 11.4.0
-- The CXX compiler identification is GNU 11.4.0
-- Detecting C compiler ABI info
-- Detecting C compiler ABI info - done
-- Check for working C compiler: /usr/bin/cc - skipped
-- Detecting C compile features
-- Detecting C compile features - done
-- Detecting CXX compiler ABI info
-- Detecting CXX compiler ABI info - done
-- Check for working CXX compiler: /usr/bin/c++ - skipped
-- Detecting CXX compile features
-- Detecting CXX compile features - done
-- Found ament_cmake: 1.3.11 (/opt/ros/humble/share/ament_cmake/cmake)
-- Found Python3: /usr/bin/python3 (found version "3.10.12") found components: Interpreter 
-- Found ament_lint_auto: 0.12.12 (/opt/ros/humble/share/ament_lint_auto/cmake)
WARNING: Package name "Motion_vision_package" does not follow the naming conventions. It should start with a lower case letter and only contain lower case letters, digits, underscores, and dashes.
-- Added test 'cppcheck' to perform static code analysis on C / C++ code
-- Configured cppcheck include dirs: $<BUILD_INTERFACE:/home/lips/TM_ROS2_CONTROL/src/Motion_vision_package/include>
-- Configured cppcheck exclude dirs and/or files: 
-- Added test 'lint_cmake' to check CMake code style
-- Added test 'uncrustify' to check C / C++ code style
-- Configured uncrustify additional arguments: 
-- Added test 'xmllint' to check XML markup files
-- Configuring done
-- Generating done
-- Build files have been written to: /home/lips/TM_ROS2_CONTROL/src/build/Motion_vision_package
[ 50%] [32mBuilding CXX object CMakeFiles/TM_control_node.dir/src/TM_control_node.cpp.o[0m
[100%] [32m[1mLinking CXX executable TM_control_node[0m
[100%] Built target TM_control_node
-- Install configuration: ""
-- Installing: /home/lips/TM_ROS2_CONTROL/src/install/Motion_vision_package/lib/Motion_vision_package/TM_control_node
-- Installing: /home/lips/TM_ROS2_CONTROL/src/install/Motion_vision_package/share/ament_index/resource_index/package_run_dependencies/Motion_vision_package
-- Installing: /home/lips/TM_ROS2_CONTROL/src/install/Motion_vision_package/share/ament_index/resource_index/parent_prefix_path/Motion_vision_package
-- Installing: /home/lips/TM_ROS2_CONTROL/src/install/Motion_vision_package/share/Motion_vision_package/environment/ament_prefix_path.sh
-- Installing: /home/lips/TM_ROS2_CONTROL/src/install/Motion_vision_package/share/Motion_vision_package/environment/ament_prefix_path.dsv
-- Installing: /home/lips/TM_ROS2_CONTROL/src/install/Motion_vision_package/share/Motion_vision_package/environment/path.sh
-- Installing: /home/lips/TM_ROS2_CONTROL/src/install/Motion_vision_package/share/Motion_vision_package/environment/path.dsv
-- Installing: /home/lips/TM_ROS2_CONTROL/src/install/Motion_vision_package/share/Motion_vision_package/local_setup.bash
-- Installing: /home/lips/TM_ROS2_CONTROL/src/install/Motion_vision_package/share/Motion_vision_package/local_setup.sh
-- Installing: /home/lips/TM_ROS2_CONTROL/src/install/Motion_vision_package/share/Motion_vision_package/local_setup.zsh
-- Installing: /home/lips/TM_ROS2_CONTROL/src/install/Motion_vision_package/share/Motion_vision_package/local_setup.dsv
-- Installing: /home/lips/TM_ROS2_CONTROL/src/install/Motion_vision_package/share/Motion_vision_package/package.dsv
-- Installing: /home/lips/TM_ROS2_CONTROL/src/install/Motion_vision_package/share/ament_index/resource_index/packages/Motion_vision_package
-- Installing: /home/lips/TM_ROS2_CONTROL/src/install/Motion_vision_package/share/Motion_vision_package/cmake/Motion_vision_packageConfig.cmake
-- Installing: /home/lips/TM_ROS2_CONTROL/src/install/Motion_vision_package/share/Motion_vision_package/cmake/Motion_vision_packageConfig-version.cmake
-- Installing: /home/lips/TM_ROS2_CONTROL/src/install/Motion_vision_package/share/Motion_vision_package/package.xml
