[0.005s] Invoking command in '/home/lips/TM_ROS2_CONTROL/src/build/Motion_vision_package': CMAKE_PREFIX_PATH=${CMAKE_PREFIX_PATH}:/home/lips/TM_ROS2_CONTROL/install/techman_robot_msgs:/opt/ros/humble /usr/bin/cmake /home/lips/TM_ROS2_CONTROL/src/Motion_vision_package -DCMAKE_INSTALL_PREFIX=/home/lips/TM_ROS2_CONTROL/src/install/Motion_vision_package
[0.043s] -- The C compiler identification is GNU 11.4.0
[0.074s] -- The CXX compiler identification is GNU 11.4.0
[0.078s] -- Detecting C compiler ABI info
[0.124s] -- Detecting C compiler ABI info - done
[0.129s] -- Check for working C compiler: /usr/bin/cc - skipped
[0.129s] -- Detecting C compile features
[0.129s] -- Detecting C compile features - done
[0.131s] -- Detecting CXX compiler ABI info
[0.180s] -- Detecting CXX compiler ABI info - done
[0.184s] -- Check for working CXX compiler: /usr/bin/c++ - skipped
[0.184s] -- Detecting CXX compile features
[0.184s] -- Detecting CXX compile features - done
[0.186s] -- Found ament_cmake: 1.3.11 (/opt/ros/humble/share/ament_cmake/cmake)
[0.272s] -- Found Python3: /usr/bin/python3 (found version "3.10.12") found components: Interpreter 
[0.327s] -- Found ament_lint_auto: 0.12.12 (/opt/ros/humble/share/ament_lint_auto/cmake)
[0.362s] WARNING: Package name "Motion_vision_package" does not follow the naming conventions. It should start with a lower case letter and only contain lower case letters, digits, underscores, and dashes.
[0.377s] -- Added test 'cppcheck' to perform static code analysis on C / C++ code
[0.377s] -- Configured cppcheck include dirs: $<BUILD_INTERFACE:/home/lips/TM_ROS2_CONTROL/src/Motion_vision_package/include>
[0.378s] -- Configured cppcheck exclude dirs and/or files: 
[0.378s] -- Added test 'lint_cmake' to check CMake code style
[0.378s] -- Added test 'uncrustify' to check C / C++ code style
[0.378s] -- Configured uncrustify additional arguments: 
[0.379s] -- Added test 'xmllint' to check XML markup files
[0.379s] -- Configuring done
[0.381s] -- Generating done
[0.382s] -- Build files have been written to: /home/lips/TM_ROS2_CONTROL/src/build/Motion_vision_package
[0.385s] Invoked command in '/home/lips/TM_ROS2_CONTROL/src/build/Motion_vision_package' returned '0': CMAKE_PREFIX_PATH=${CMAKE_PREFIX_PATH}:/home/lips/TM_ROS2_CONTROL/install/techman_robot_msgs:/opt/ros/humble /usr/bin/cmake /home/lips/TM_ROS2_CONTROL/src/Motion_vision_package -DCMAKE_INSTALL_PREFIX=/home/lips/TM_ROS2_CONTROL/src/install/Motion_vision_package
[0.385s] Invoking command in '/home/lips/TM_ROS2_CONTROL/src/build/Motion_vision_package': CMAKE_PREFIX_PATH=${CMAKE_PREFIX_PATH}:/home/lips/TM_ROS2_CONTROL/install/techman_robot_msgs:/opt/ros/humble /usr/bin/cmake --build /home/lips/TM_ROS2_CONTROL/src/build/Motion_vision_package -- -j32 -l32
[0.418s] [ 50%] [32mBuilding CXX object CMakeFiles/TM_control_node.dir/src/TM_control_node.cpp.o[0m
[0.442s] [100%] [32m[1mLinking CXX executable TM_control_node[0m
[0.469s] [100%] Built target TM_control_node
[0.481s] Invoked command in '/home/lips/TM_ROS2_CONTROL/src/build/Motion_vision_package' returned '0': CMAKE_PREFIX_PATH=${CMAKE_PREFIX_PATH}:/home/lips/TM_ROS2_CONTROL/install/techman_robot_msgs:/opt/ros/humble /usr/bin/cmake --build /home/lips/TM_ROS2_CONTROL/src/build/Motion_vision_package -- -j32 -l32
[0.487s] Invoking command in '/home/lips/TM_ROS2_CONTROL/src/build/Motion_vision_package': CMAKE_PREFIX_PATH=${CMAKE_PREFIX_PATH}:/home/lips/TM_ROS2_CONTROL/install/techman_robot_msgs:/opt/ros/humble /usr/bin/cmake --install /home/lips/TM_ROS2_CONTROL/src/build/Motion_vision_package
[0.490s] -- Install configuration: ""
[0.490s] -- Installing: /home/lips/TM_ROS2_CONTROL/src/install/Motion_vision_package/lib/Motion_vision_package/TM_control_node
[0.490s] -- Installing: /home/lips/TM_ROS2_CONTROL/src/install/Motion_vision_package/share/ament_index/resource_index/package_run_dependencies/Motion_vision_package
[0.490s] -- Installing: /home/lips/TM_ROS2_CONTROL/src/install/Motion_vision_package/share/ament_index/resource_index/parent_prefix_path/Motion_vision_package
[0.490s] -- Installing: /home/lips/TM_ROS2_CONTROL/src/install/Motion_vision_package/share/Motion_vision_package/environment/ament_prefix_path.sh
[0.490s] -- Installing: /home/lips/TM_ROS2_CONTROL/src/install/Motion_vision_package/share/Motion_vision_package/environment/ament_prefix_path.dsv
[0.490s] -- Installing: /home/lips/TM_ROS2_CONTROL/src/install/Motion_vision_package/share/Motion_vision_package/environment/path.sh
[0.490s] -- Installing: /home/lips/TM_ROS2_CONTROL/src/install/Motion_vision_package/share/Motion_vision_package/environment/path.dsv
[0.490s] -- Installing: /home/lips/TM_ROS2_CONTROL/src/install/Motion_vision_package/share/Motion_vision_package/local_setup.bash
[0.490s] -- Installing: /home/lips/TM_ROS2_CONTROL/src/install/Motion_vision_package/share/Motion_vision_package/local_setup.sh
[0.491s] -- Installing: /home/lips/TM_ROS2_CONTROL/src/install/Motion_vision_package/share/Motion_vision_package/local_setup.zsh
[0.491s] -- Installing: /home/lips/TM_ROS2_CONTROL/src/install/Motion_vision_package/share/Motion_vision_package/local_setup.dsv
[0.491s] -- Installing: /home/lips/TM_ROS2_CONTROL/src/install/Motion_vision_package/share/Motion_vision_package/package.dsv
[0.491s] -- Installing: /home/lips/TM_ROS2_CONTROL/src/install/Motion_vision_package/share/ament_index/resource_index/packages/Motion_vision_package
[0.491s] -- Installing: /home/lips/TM_ROS2_CONTROL/src/install/Motion_vision_package/share/Motion_vision_package/cmake/Motion_vision_packageConfig.cmake
[0.491s] -- Installing: /home/lips/TM_ROS2_CONTROL/src/install/Motion_vision_package/share/Motion_vision_package/cmake/Motion_vision_packageConfig-version.cmake
[0.491s] -- Installing: /home/lips/TM_ROS2_CONTROL/src/install/Motion_vision_package/share/Motion_vision_package/package.xml
[0.492s] Invoked command in '/home/lips/TM_ROS2_CONTROL/src/build/Motion_vision_package' returned '0': CMAKE_PREFIX_PATH=${CMAKE_PREFIX_PATH}:/home/lips/TM_ROS2_CONTROL/install/techman_robot_msgs:/opt/ros/humble /usr/bin/cmake --install /home/lips/TM_ROS2_CONTROL/src/build/Motion_vision_package
